<?xml version="1.0" encoding="UTF-8"?>
<testng-results ignored="2" total="4" passed="2" failed="0" skipped="0">
  <reporter-output>
  </reporter-output>
  <suite started-at="2023-02-27T19:16:45 IST" name="Functional Test Suite" finished-at="2023-02-27T19:17:25 IST" duration-ms="40094">
    <groups>
      <group name="Regression">
        <method signature="LoginTest.TC001_verifyLoginPageTitle()[pri:1, instance:com.qalegendbilling.testscript.LoginTest@482bce4f]" name="TC001_verifyLoginPageTitle" class="com.qalegendbilling.testscript.LoginTest"/>
      </group> <!-- Regression -->
      <group name="Smoke">
        <method signature="LoginTest.TC002_verifyUserLoginWithValidUserCredentials()[pri:1, instance:com.qalegendbilling.testscript.LoginTest@482bce4f]" name="TC002_verifyUserLoginWithValidUserCredentials" class="com.qalegendbilling.testscript.LoginTest"/>
      </group> <!-- Smoke -->
    </groups>
    <test started-at="2023-02-27T19:16:45 IST" name="Functional Test" finished-at="2023-02-27T19:17:25 IST" duration-ms="40094">
      <class name="com.qalegendbilling.testscript.LoginTest">
        <test-method is-config="true" signature="setExtent(org.testng.ITestContext)[pri:0, instance:com.qalegendbilling.testscript.LoginTest@482bce4f]" started-at="2023-02-27T19:16:45 IST" name="setExtent" finished-at="2023-02-27T19:16:45 IST" duration-ms="15" status="PASS">
          <params>
            <param index="0">
              <value>
                <![CDATA[org.testng.TestRunner@1e98b788]]>
              </value>
            </param>
          </params>
          <reporter-output>
          </reporter-output>
        </test-method> <!-- setExtent -->
        <test-method is-config="true" signature="setUP(java.lang.String)[pri:0, instance:com.qalegendbilling.testscript.LoginTest@482bce4f]" started-at="2023-02-27T19:16:45 IST" name="setUP" finished-at="2023-02-27T19:17:00 IST" duration-ms="14956" status="PASS">
          <params>
            <param index="0">
              <value>
                <![CDATA[chrome]]>
              </value>
            </param>
          </params>
          <reporter-output>
          </reporter-output>
        </test-method> <!-- setUP -->
        <test-method signature="TC001_verifyLoginPageTitle()[pri:1, instance:com.qalegendbilling.testscript.LoginTest@482bce4f]" started-at="2023-02-27T19:17:00 IST" name="TC001_verifyLoginPageTitle" description="TC001_verifyLoginPageTitle" finished-at="2023-02-27T19:17:01 IST" duration-ms="507" status="PASS">
          <reporter-output>
          </reporter-output>
        </test-method> <!-- TC001_verifyLoginPageTitle -->
        <test-method is-config="true" signature="tearDown(org.testng.ITestResult)[pri:0, instance:com.qalegendbilling.testscript.LoginTest@482bce4f]" started-at="2023-02-27T19:17:01 IST" name="tearDown" finished-at="2023-02-27T19:17:01 IST" duration-ms="129" status="PASS">
          <params>
            <param index="0">
              <value>
                <![CDATA[[TestResult name=TC001_verifyLoginPageTitle status=SUCCESS method=LoginTest.TC001_verifyLoginPageTitle()[pri:1, instance:com.qalegendbilling.testscript.LoginTest@482bce4f] output={null}]]]>
              </value>
            </param>
          </params>
          <reporter-output>
          </reporter-output>
        </test-method> <!-- tearDown -->
        <test-method is-config="true" signature="setUP(java.lang.String)[pri:0, instance:com.qalegendbilling.testscript.LoginTest@482bce4f]" started-at="2023-02-27T19:17:01 IST" name="setUP" finished-at="2023-02-27T19:17:10 IST" duration-ms="9472" status="PASS">
          <params>
            <param index="0">
              <value>
                <![CDATA[chrome]]>
              </value>
            </param>
          </params>
          <reporter-output>
          </reporter-output>
        </test-method> <!-- setUP -->
        <test-method signature="TC002_verifyUserLoginWithValidUserCredentials()[pri:1, instance:com.qalegendbilling.testscript.LoginTest@482bce4f]" started-at="2023-02-27T19:17:10 IST" name="TC002_verifyUserLoginWithValidUserCredentials" description="TC002_verifyUserLoginWithValidUserCredentials" finished-at="2023-02-27T19:17:25 IST" duration-ms="14905" status="PASS">
          <reporter-output>
          </reporter-output>
        </test-method> <!-- TC002_verifyUserLoginWithValidUserCredentials -->
        <test-method is-config="true" signature="tearDown(org.testng.ITestResult)[pri:0, instance:com.qalegendbilling.testscript.LoginTest@482bce4f]" started-at="2023-02-27T19:17:25 IST" name="tearDown" finished-at="2023-02-27T19:17:25 IST" duration-ms="93" status="PASS">
          <params>
            <param index="0">
              <value>
                <![CDATA[[TestResult name=TC002_verifyUserLoginWithValidUserCredentials status=SUCCESS method=LoginTest.TC002_verifyUserLoginWithValidUserCredentials()[pri:1, instance:com.qalegendbilling.testscript.LoginTest@482bce4f] output={null}]]]>
              </value>
            </param>
          </params>
          <reporter-output>
          </reporter-output>
        </test-method> <!-- tearDown -->
      </class> <!-- com.qalegendbilling.testscript.LoginTest -->
    </test> <!-- Functional Test -->
  </suite> <!-- Functional Test Suite -->
</testng-results>
