<?xml version="1.0" encoding="UTF-8"?>
<!-- Generated by org.testng.reporters.JUnitXMLReporter -->
<testsuite ignored="2" hostname="DESKTOP-SI180QA" failures="0" tests="2" name="Functional Test" time="40.094" errors="0" timestamp="2023-02-27T19:17:26 IST">
  <testcase classname="com.qalegendbilling.testscript.LoginTest" name="TC001_verifyLoginPageTitle" time="0.507"/>
  <testcase classname="com.qalegendbilling.testscript.LoginTest" name="TC002_verifyUserLoginWithValidUserCredentials" time="14.905"/>
  <testcase classname="com.qalegendbilling.testscript.LoginTest" name="TC003_verifyUserLoginWithInvalidUserCredentials" time="0.0">
    <ignored/>
  </testcase> <!-- TC003_verifyUserLoginWithInvalidUserCredentials -->
  <testcase classname="com.qalegendbilling.testscript.LoginTest" name="TC004_verifyUserAbleToClickOnRememberMeCheckBox" time="0.0">
    <ignored/>
  </testcase> <!-- TC004_verifyUserAbleToClickOnRememberMeCheckBox -->
</testsuite> <!-- Functional Test -->
